<?xml version="1.0" encoding="UTF-8"?>
<!-- Generated by org.testng.reporters.JUnitReportReporter -->
<testsuite hostname="DESKTOP-5TBA1DE" failures="0" tests="1" name="testCases.TC001_AccountRegistrationTest" time="21.938" errors="0" timestamp="2024-08-07T16:22:08 IST" skipped="0">
  <testcase classname="testCases.TC001_AccountRegistrationTest" name="verifyAccountRegistration" time="21.938"/>
</testsuite> <!-- testCases.TC001_AccountRegistrationTest -->
