<?xml version="1.0" encoding="UTF-8"?>
<!-- Generated by org.testng.reporters.JUnitReportReporter -->
<testsuite hostname="DESKTOP-5TBA1DE" failures="0" tests="1" name="testCases.TC003_AddtoCartTest" time="22.917" errors="0" timestamp="2024-08-08T19:06:32 IST" skipped="0">
  <testcase classname="testCases.TC003_AddtoCartTest" name="addToCart" time="22.917"/>
</testsuite> <!-- testCases.TC003_AddtoCartTest -->
