<?xml version="1.0" encoding="UTF-8"?>
<!-- Generated by org.testng.reporters.JUnitReportReporter -->
<testsuite hostname="DESKTOP-5TBA1DE" failures="0" tests="1" name="testCases.TC002_LoginTest" time="16.878" errors="0" timestamp="2024-08-09T18:31:47 IST" skipped="0">
  <testcase classname="testCases.TC002_LoginTest" name="LoginUsingValCred" time="16.878"/>
</testsuite> <!-- testCases.TC002_LoginTest -->
